#
# There is insufficient memory for the Java Runtime Environment to continue.
# Native memory allocation (malloc) failed to allocate 315696 bytes for Chunk::new
# Possible reasons:
#   The system is out of physical RAM or swap space
#   The process is running with CompressedOops enabled, and the Java Heap may be blocking the growth of the native heap
# Possible solutions:
#   Reduce memory load on the system
#   Increase physical memory or swap space
#   Check if swap backing store is full
#   Decrease Java heap size (-Xmx/-Xms)
#   Decrease number of Java threads
#   Decrease Java thread stack sizes (-Xss)
#   Set larger code cache with -XX:ReservedCodeCacheSize=
#   JVM is running with Unscaled Compressed Oops mode in which the Java heap is
#     placed in the first 4GB address space. The Java Heap base address is the
#     maximum limit for the native heap growth. Please use -XX:HeapBaseMinAddress
#     to set the Java Heap base and to place the Java Heap above 4GB virtual address.
# This output file may be truncated or incomplete.
#
#  Out of Memory Error (arena.cpp:189), pid=105888, tid=106240
#
# JRE version: OpenJDK Runtime Environment Temurin-17.0.4.1+1 (17.0.4.1+1) (build 17.0.4.1+1)
# Java VM: OpenJDK 64-Bit Server VM Temurin-17.0.4.1+1 (17.0.4.1+1, mixed mode, tiered, compressed oops, compressed class ptrs, parallel gc, windows-amd64)
# No core dump will be written. Minidumps are not enabled by default on client versions of Windows
#

---------------  S U M M A R Y ------------

Command Line: --add-modules=ALL-SYSTEM --add-opens=java.base/java.util=ALL-UNNAMED --add-opens=java.base/java.lang=ALL-UNNAMED --add-opens=java.base/sun.nio.fs=ALL-UNNAMED -Declipse.application=org.eclipse.jdt.ls.core.id1 -Dosgi.bundles.defaultStartLevel=4 -Declipse.product=org.eclipse.jdt.ls.core.product -Djava.import.generatesMetadataFilesAtProjectRoot=false -Dfile.encoding=utf8 -XX:+UseParallelGC -XX:GCTimeRatio=4 -XX:AdaptiveSizePolicyWeight=90 -Dsun.zip.disableMemoryMapping=true -Xmx1G -Xms100m -Xlog:disable -javaagent:c:\Users\icewi\.vscode\extensions\redhat.java-1.12.0-win32-x64\lombok\lombok-1.18.24.jar c:\Users\icewi\.vscode\extensions\redhat.java-1.12.0-win32-x64\server\plugins\org.eclipse.equinox.launcher_1.6.400.v20210924-0641.jar -configuration c:\Users\icewi\AppData\Roaming\Code\User\globalStorage\redhat.java\1.12.0\config_ss_win -data c:\Users\icewi\AppData\Roaming\Code\User\workspaceStorage\5eb8f4c9483b7e7e003223161a20412b\redhat.java\ss_ws

Host: AMD Ryzen 5 4600U with Radeon Graphics         , 12 cores, 15G,  Windows 10 , 64 bit Build 19041 (10.0.19041.2251)
Time: Sat Nov 26 23:58:59 2022  Windows 10 , 64 bit Build 19041 (10.0.19041.2251) elapsed time: 21.940024 seconds (0d 0h 0m 21s)

---------------  T H R E A D  ---------------

Current thread (0x000001ba4c1c23c0):  JavaThread "C2 CompilerThread0" daemon [_thread_in_native, id=106240, stack(0x0000002034700000,0x0000002034800000)]


Current CompileTask:
C2:  21940 3720       4       java.io.WinNTFileSystem::normalize (143 bytes)

Stack: [0x0000002034700000,0x0000002034800000]
Native frames: (J=compiled Java code, j=interpreted, Vv=VM code, C=native code)
V  [jvm.dll+0x67731a]
V  [jvm.dll+0x832284]
V  [jvm.dll+0x833a2e]
V  [jvm.dll+0x834093]
V  [jvm.dll+0x245775]
V  [jvm.dll+0xabd7b]
V  [jvm.dll+0xac30c]
V  [jvm.dll+0x2ac80f]
V  [jvm.dll+0x57dd77]
V  [jvm.dll+0x220892]
V  [jvm.dll+0x21a182]
V  [jvm.dll+0x21799b]
V  [jvm.dll+0x1a3f8d]
V  [jvm.dll+0x227498]
V  [jvm.dll+0x2255e5]
V  [jvm.dll+0x7e7e9b]
V  [jvm.dll+0x7e240a]
V  [jvm.dll+0x6761a5]
C  [ucrtbase.dll+0x21bb2]
C  [KERNEL32.DLL+0x174b4]
C  [ntdll.dll+0x526a1]


---------------  P R O C E S S  ---------------

Threads class SMR info:
_java_thread_list=0x000001ba4f136720, length=23, elements={
0x000001ba36627ad0, 0x000001ba4a4b3200, 0x000001ba4a4b42b0, 0x000001ba4a4be870,
0x000001ba4c1b7510, 0x000001ba4c1b8860, 0x000001ba4c1c1030, 0x000001ba4c1c23c0,
0x000001ba4c1c2cc0, 0x000001ba4c1c4260, 0x000001ba4c2622a0, 0x000001ba4c4bc400,
0x000001ba4dc0a3a0, 0x000001ba4dc0db70, 0x000001ba4d8a7840, 0x000001ba4ea533d0,
0x000001ba4d5d7080, 0x000001ba4eb1f060, 0x000001ba4eb1b6a0, 0x000001ba4eb1e1f0,
0x000001ba4eb1bb70, 0x000001ba4eb1e6c0, 0x000001ba4eb1c040
}

Java Threads: ( => current thread )
  0x000001ba36627ad0 JavaThread "main" [_thread_blocked, id=106092, stack(0x0000002033e00000,0x0000002033f00000)]
  0x000001ba4a4b3200 JavaThread "Reference Handler" daemon [_thread_blocked, id=106192, stack(0x0000002034100000,0x0000002034200000)]
  0x000001ba4a4b42b0 JavaThread "Finalizer" daemon [_thread_blocked, id=106204, stack(0x0000002034200000,0x0000002034300000)]
  0x000001ba4a4be870 JavaThread "Signal Dispatcher" daemon [_thread_blocked, id=106208, stack(0x0000002034300000,0x0000002034400000)]
  0x000001ba4c1b7510 JavaThread "Attach Listener" daemon [_thread_blocked, id=106216, stack(0x0000002034400000,0x0000002034500000)]
  0x000001ba4c1b8860 JavaThread "Service Thread" daemon [_thread_blocked, id=106224, stack(0x0000002034500000,0x0000002034600000)]
  0x000001ba4c1c1030 JavaThread "Monitor Deflation Thread" daemon [_thread_blocked, id=106232, stack(0x0000002034600000,0x0000002034700000)]
=>0x000001ba4c1c23c0 JavaThread "C2 CompilerThread0" daemon [_thread_in_native, id=106240, stack(0x0000002034700000,0x0000002034800000)]
  0x000001ba4c1c2cc0 JavaThread "C1 CompilerThread0" daemon [_thread_in_native, id=106252, stack(0x0000002034800000,0x0000002034900000)]
  0x000001ba4c1c4260 JavaThread "Sweeper thread" daemon [_thread_blocked, id=106260, stack(0x0000002034900000,0x0000002034a00000)]
  0x000001ba4c2622a0 JavaThread "Common-Cleaner" daemon [_thread_blocked, id=106312, stack(0x0000002034a00000,0x0000002034b00000)]
  0x000001ba4c4bc400 JavaThread "Notification Thread" daemon [_thread_blocked, id=105580, stack(0x0000002034b00000,0x0000002034c00000)]
  0x000001ba4dc0a3a0 JavaThread "Active Thread: Equinox Container: 56180d17-f120-4639-9860-fbb7afcff907" [_thread_blocked, id=106432, stack(0x0000002035400000,0x0000002035500000)]
  0x000001ba4dc0db70 JavaThread "Framework Event Dispatcher: Equinox Container: 56180d17-f120-4639-9860-fbb7afcff907" daemon [_thread_blocked, id=106060, stack(0x0000002035300000,0x0000002035400000)]
  0x000001ba4d8a7840 JavaThread "Start Level: Equinox Container: 56180d17-f120-4639-9860-fbb7afcff907" daemon [_thread_blocked, id=106284, stack(0x0000002035500000,0x0000002035600000)]
  0x000001ba4ea533d0 JavaThread "SCR Component Actor" daemon [_thread_blocked, id=75260, stack(0x0000002035600000,0x0000002035700000)]
  0x000001ba4d5d7080 JavaThread "Worker-JM" [_thread_blocked, id=106424, stack(0x0000002035900000,0x0000002035a00000)]
  0x000001ba4eb1f060 JavaThread "Worker-0" [_thread_blocked, id=106408, stack(0x0000002035b00000,0x0000002035c00000)]
  0x000001ba4eb1b6a0 JavaThread "Worker-1" [_thread_blocked, id=105948, stack(0x0000002035c00000,0x0000002035d00000)]
  0x000001ba4eb1e1f0 JavaThread "JNA Cleaner" daemon [_thread_blocked, id=106020, stack(0x0000002036000000,0x0000002036100000)]
  0x000001ba4eb1bb70 JavaThread "pool-2-thread-1" [_thread_blocked, id=106416, stack(0x0000002035a00000,0x0000002035b00000)]
  0x000001ba4eb1e6c0 JavaThread "pool-1-thread-1" [_thread_in_Java, id=105856, stack(0x0000002035f00000,0x0000002036000000)]
  0x000001ba4eb1c040 JavaThread "Worker-2" [_thread_blocked, id=106084, stack(0x0000002036300000,0x0000002036400000)]

Other Threads:
  0x000001ba4c1618e0 VMThread "VM Thread" [stack: 0x0000002034000000,0x0000002034100000] [id=106184]
  0x000001ba4c4bc8d0 WatcherThread [stack: 0x0000002034c00000,0x0000002034d00000] [id=105568]
  0x000001ba3663bdf0 GCTaskThread "GC Thread#0" [stack: 0x0000002033f00000,0x0000002034000000] [id=106172]
  0x000001ba4db135b0 GCTaskThread "GC Thread#1" [stack: 0x0000002034d00000,0x0000002034e00000] [id=105152]
  0x000001ba4c4e0670 GCTaskThread "GC Thread#2" [stack: 0x0000002034e00000,0x0000002034f00000] [id=105504]
  0x000001ba4da64d40 GCTaskThread "GC Thread#3" [stack: 0x0000002034f00000,0x0000002035000000] [id=105536]
  0x000001ba4da64ff0 GCTaskThread "GC Thread#4" [stack: 0x0000002035000000,0x0000002035100000] [id=103996]
  0x000001ba4e8f9950 GCTaskThread "GC Thread#5" [stack: 0x0000002035100000,0x0000002035200000] [id=105764]
  0x000001ba4e8f9c00 GCTaskThread "GC Thread#6" [stack: 0x0000002035200000,0x0000002035300000] [id=100896]
  0x000001ba4eb599e0 GCTaskThread "GC Thread#7" [stack: 0x0000002035700000,0x0000002035800000] [id=104804]
  0x000001ba4da32c50 GCTaskThread "GC Thread#8" [stack: 0x0000002035d00000,0x0000002035e00000] [id=105560]
  0x000001ba4c37b310 GCTaskThread "GC Thread#9" [stack: 0x0000002035e00000,0x0000002035f00000] [id=106276]

Threads with active compile tasks:
C2 CompilerThread0    22005 3720       4       java.io.WinNTFileSystem::normalize (143 bytes)
C1 CompilerThread0    22005 3742       3       com.sun.org.apache.xerces.internal.impl.io.UTF8Reader::read (1443 bytes)

VM state: not at safepoint (normal execution)

VM Mutex/Monitor currently owned by a thread: None

Heap address: 0x00000000c0000000, size: 1024 MB, Compressed Oops mode: 32-bit

CDS archive(s) not mapped
Compressed class space mapped at: 0x0000000100000000-0x0000000140000000, reserved size: 1073741824
Narrow klass base: 0x0000000000000000, Narrow klass shift: 3, Narrow klass range: 0x140000000

GC Precious Log:
 CPUs: 12 total, 12 available
 Memory: 15741M
 Large Page Support: Disabled
 NUMA Support: Disabled
 Compressed Oops: Enabled (32-bit)
 Alignments: Space 512K, Generation 512K, Heap 2M
 Heap Min Capacity: 100M
 Heap Initial Capacity: 100M
 Heap Max Capacity: 1G
 Pre-touch: Disabled
 Parallel Workers: 10

Heap:
 PSYoungGen      total 24064K, used 5342K [0x00000000eab00000, 0x00000000eca00000, 0x0000000100000000)
  eden space 21504K, 12% used [0x00000000eab00000,0x00000000eadb78a8,0x00000000ec000000)
  from space 2560K, 100% used [0x00000000ec080000,0x00000000ec300000,0x00000000ec300000)
  to   space 5120K, 0% used [0x00000000ec500000,0x00000000ec500000,0x00000000eca00000)
 ParOldGen       total 68608K, used 22376K [0x00000000c0000000, 0x00000000c4300000, 0x00000000eab00000)
  object space 68608K, 32% used [0x00000000c0000000,0x00000000c15da1a0,0x00000000c4300000)
 Metaspace       used 36141K, committed 36800K, reserved 1089536K
  class space    used 3689K, committed 3968K, reserved 1048576K

Card table byte_map: [0x000001ba35fe0000,0x000001ba361f0000] _byte_map_base: 0x000001ba359e0000

Marking Bits: (ParMarkBitMap*) 0x00007fffc1932cc0
 Begin Bits: [0x000001ba482c0000, 0x000001ba492c0000)
 End Bits:   [0x000001ba492c0000, 0x000001ba4a2c0000)

Polling page: 0x000001ba34560000

Metaspace:

Usage:
  Non-class:     31.69 MB used.
      Class:      3.60 MB used.
       Both:     35.29 MB used.

Virtual space:
  Non-class space:       40.00 MB reserved,      32.06 MB ( 80%) committed,  5 nodes.
      Class space:        1.00 GB reserved,       3.88 MB ( <1%) committed,  1 nodes.
             Both:        1.04 GB reserved,      35.94 MB (  3%) committed. 

Chunk freelists:
   Non-Class:  3.26 MB
       Class:  3.99 MB
        Both:  7.26 MB

MaxMetaspaceSize: unlimited
CompressedClassSpaceSize: 1.00 GB
Initial GC threshold: 21.00 MB
Current GC threshold: 58.38 MB
CDS: off
MetaspaceReclaimPolicy: balanced
 - commit_granule_bytes: 65536.
 - commit_granule_words: 8192.
 - virtual_space_node_default_size: 1048576.
 - enlarge_chunks_in_place: 1.
 - new_chunks_are_fully_committed: 0.
 - uncommit_free_chunks: 1.
 - use_allocation_guard: 0.
 - handle_deallocations: 1.


Internal statistics:

num_allocs_failed_limit: 6.
num_arena_births: 270.
num_arena_deaths: 14.
num_vsnodes_births: 6.
num_vsnodes_deaths: 0.
num_space_committed: 575.
num_space_uncommitted: 0.
num_chunks_returned_to_freelist: 20.
num_chunks_taken_from_freelist: 1336.
num_chunk_merges: 10.
num_chunk_splits: 895.
num_chunks_enlarged: 641.
num_purges: 2.
num_inconsistent_stats: 0.

CodeHeap 'non-profiled nmethods': size=120000Kb used=1786Kb max_used=1786Kb free=118213Kb
 bounds [0x000001ba40d90000, 0x000001ba41000000, 0x000001ba482c0000]
CodeHeap 'profiled nmethods': size=120000Kb used=7318Kb max_used=7318Kb free=112681Kb
 bounds [0x000001ba39860000, 0x000001ba39f90000, 0x000001ba40d90000]
CodeHeap 'non-nmethods': size=5760Kb used=1258Kb max_used=1302Kb free=4501Kb
 bounds [0x000001ba392c0000, 0x000001ba39530000, 0x000001ba39860000]
 total_blobs=4271 nmethods=3695 adapters=490
 compilation: enabled
              stopped_count=0, restarted_count=0
 full_count=0

Compilation events (20 events):
Event: 21.910 Thread 0x000001ba4c1c23c0 nmethod 3718 0x000001ba40f4d210 code [0x000001ba40f4d400, 0x000001ba40f4dc28]
Event: 21.910 Thread 0x000001ba4c1c23c0 3720       4       java.io.WinNTFileSystem::normalize (143 bytes)
Event: 21.911 Thread 0x000001ba4c1c2cc0 3724       3       java.net.URI::toLower (19 bytes)
Event: 21.911 Thread 0x000001ba4c1c2cc0 nmethod 3724 0x000001ba39f7e610 code [0x000001ba39f7e7a0, 0x000001ba39f7e938]
Event: 21.913 Thread 0x000001ba4c1c2cc0 3725       3       java.net.URI$Parser::parseHierarchical (178 bytes)
Event: 21.915 Thread 0x000001ba4c1c2cc0 nmethod 3725 0x000001ba39f7ea10 code [0x000001ba39f7edc0, 0x000001ba39f80408]
Event: 21.915 Thread 0x000001ba4c1c2cc0 3726       3       java.lang.invoke.MemberName::changeReferenceKind (60 bytes)
Event: 21.916 Thread 0x000001ba4c1c2cc0 nmethod 3726 0x000001ba39f80d10 code [0x000001ba39f80ea0, 0x000001ba39f80fd8]
Event: 21.920 Thread 0x000001ba4c1c2cc0 3727       3       java.util.concurrent.CopyOnWriteArrayList$COWIterator::hasNext (18 bytes)
Event: 21.920 Thread 0x000001ba4c1c2cc0 nmethod 3727 0x000001ba39f81090 code [0x000001ba39f81220, 0x000001ba39f81398]
Event: 21.920 Thread 0x000001ba4c1c2cc0 3728       3       org.eclipse.core.internal.dtree.AbstractDataTreeNode::<init> (34 bytes)
Event: 21.920 Thread 0x000001ba4c1c2cc0 nmethod 3728 0x000001ba39f81490 code [0x000001ba39f81640, 0x000001ba39f818b8]
Event: 21.927 Thread 0x000001ba4c1c2cc0 3729       3       java.nio.CharBuffer::limit (8 bytes)
Event: 21.927 Thread 0x000001ba4c1c2cc0 nmethod 3729 0x000001ba39f81990 code [0x000001ba39f81b20, 0x000001ba39f81c68]
Event: 21.927 Thread 0x000001ba4c1c2cc0 3730       3       java.nio.CharBuffer::<init> (24 bytes)
Event: 21.927 Thread 0x000001ba4c1c2cc0 nmethod 3730 0x000001ba39f81d10 code [0x000001ba39f81ea0, 0x000001ba39f82028]
Event: 21.927 Thread 0x000001ba4c1c2cc0 3731       3       java.nio.CharBuffer::limit (6 bytes)
Event: 21.928 Thread 0x000001ba4c1c2cc0 nmethod 3731 0x000001ba39f82110 code [0x000001ba39f822c0, 0x000001ba39f82468]
Event: 21.931 Thread 0x000001ba4c1c2cc0 3732       3       org.eclipse.core.internal.dtree.DataTreeLookup::newLookup (12 bytes)
Event: 21.931 Thread 0x000001ba4c1c2cc0 nmethod 3732 0x000001ba39f82510 code [0x000001ba39f826c0, 0x000001ba39f828f8]

GC Heap History (20 events):
Event: 8.559 GC heap before
{Heap before GC invocations=8 (full 1):
 PSYoungGen      total 26112K, used 25960K [0x00000000eab00000, 0x00000000ec800000, 0x0000000100000000)
  eden space 24576K, 100% used [0x00000000eab00000,0x00000000ec300000,0x00000000ec300000)
  from space 1536K, 90% used [0x00000000ec680000,0x00000000ec7da308,0x00000000ec800000)
  to   space 2048K, 0% used [0x00000000ec400000,0x00000000ec400000,0x00000000ec600000)
 ParOldGen       total 68608K, used 7230K [0x00000000c0000000, 0x00000000c4300000, 0x00000000eab00000)
  object space 68608K, 10% used [0x00000000c0000000,0x00000000c070fa98,0x00000000c4300000)
 Metaspace       used 31914K, committed 32448K, reserved 1081344K
  class space    used 3228K, committed 3456K, reserved 1048576K
}
Event: 8.561 GC heap after
{Heap after GC invocations=8 (full 1):
 PSYoungGen      total 26112K, used 2038K [0x00000000eab00000, 0x00000000ec980000, 0x0000000100000000)
  eden space 24064K, 0% used [0x00000000eab00000,0x00000000eab00000,0x00000000ec280000)
  from space 2048K, 99% used [0x00000000ec400000,0x00000000ec5fda18,0x00000000ec600000)
  to   space 3584K, 0% used [0x00000000ec600000,0x00000000ec600000,0x00000000ec980000)
 ParOldGen       total 68608K, used 8043K [0x00000000c0000000, 0x00000000c4300000, 0x00000000eab00000)
  object space 68608K, 11% used [0x00000000c0000000,0x00000000c07dae78,0x00000000c4300000)
 Metaspace       used 31914K, committed 32448K, reserved 1081344K
  class space    used 3228K, committed 3456K, reserved 1048576K
}
Event: 9.274 GC heap before
{Heap before GC invocations=9 (full 1):
 PSYoungGen      total 26112K, used 26102K [0x00000000eab00000, 0x00000000ec980000, 0x0000000100000000)
  eden space 24064K, 100% used [0x00000000eab00000,0x00000000ec280000,0x00000000ec280000)
  from space 2048K, 99% used [0x00000000ec400000,0x00000000ec5fda18,0x00000000ec600000)
  to   space 3584K, 0% used [0x00000000ec600000,0x00000000ec600000,0x00000000ec980000)
 ParOldGen       total 68608K, used 8043K [0x00000000c0000000, 0x00000000c4300000, 0x00000000eab00000)
  object space 68608K, 11% used [0x00000000c0000000,0x00000000c07dae78,0x00000000c4300000)
 Metaspace       used 34736K, committed 35392K, reserved 1081344K
  class space    used 3515K, committed 3776K, reserved 1048576K
}
Event: 9.277 GC heap after
{Heap after GC invocations=9 (full 1):
 PSYoungGen      total 27136K, used 3512K [0x00000000eab00000, 0x00000000eca00000, 0x0000000100000000)
  eden space 23552K, 0% used [0x00000000eab00000,0x00000000eab00000,0x00000000ec200000)
  from space 3584K, 98% used [0x00000000ec600000,0x00000000ec96e340,0x00000000ec980000)
  to   space 4096K, 0% used [0x00000000ec200000,0x00000000ec200000,0x00000000ec600000)
 ParOldGen       total 68608K, used 8051K [0x00000000c0000000, 0x00000000c4300000, 0x00000000eab00000)
  object space 68608K, 11% used [0x00000000c0000000,0x00000000c07dce78,0x00000000c4300000)
 Metaspace       used 34736K, committed 35392K, reserved 1081344K
  class space    used 3515K, committed 3776K, reserved 1048576K
}
Event: 9.415 GC heap before
{Heap before GC invocations=10 (full 1):
 PSYoungGen      total 27136K, used 27064K [0x00000000eab00000, 0x00000000eca00000, 0x0000000100000000)
  eden space 23552K, 100% used [0x00000000eab00000,0x00000000ec200000,0x00000000ec200000)
  from space 3584K, 98% used [0x00000000ec600000,0x00000000ec96e340,0x00000000ec980000)
  to   space 4096K, 0% used [0x00000000ec200000,0x00000000ec200000,0x00000000ec600000)
 ParOldGen       total 68608K, used 8051K [0x00000000c0000000, 0x00000000c4300000, 0x00000000eab00000)
  object space 68608K, 11% used [0x00000000c0000000,0x00000000c07dce78,0x00000000c4300000)
 Metaspace       used 35263K, committed 35840K, reserved 1089536K
  class space    used 3589K, committed 3840K, reserved 1048576K
}
Event: 9.418 GC heap after
{Heap after GC invocations=10 (full 1):
 PSYoungGen      total 27136K, used 4091K [0x00000000eab00000, 0x00000000ecd80000, 0x0000000100000000)
  eden space 23040K, 0% used [0x00000000eab00000,0x00000000eab00000,0x00000000ec180000)
  from space 4096K, 99% used [0x00000000ec200000,0x00000000ec5fed28,0x00000000ec600000)
  to   space 6144K, 0% used [0x00000000ec780000,0x00000000ec780000,0x00000000ecd80000)
 ParOldGen       total 68608K, used 9423K [0x00000000c0000000, 0x00000000c4300000, 0x00000000eab00000)
  object space 68608K, 13% used [0x00000000c0000000,0x00000000c0933f98,0x00000000c4300000)
 Metaspace       used 35263K, committed 35840K, reserved 1089536K
  class space    used 3589K, committed 3840K, reserved 1048576K
}
Event: 9.421 GC heap before
{Heap before GC invocations=11 (full 1):
 PSYoungGen      total 27136K, used 4840K [0x00000000eab00000, 0x00000000ecd80000, 0x0000000100000000)
  eden space 23040K, 3% used [0x00000000eab00000,0x00000000eabbb538,0x00000000ec180000)
  from space 4096K, 99% used [0x00000000ec200000,0x00000000ec5fed28,0x00000000ec600000)
  to   space 6144K, 0% used [0x00000000ec780000,0x00000000ec780000,0x00000000ecd80000)
 ParOldGen       total 68608K, used 9423K [0x00000000c0000000, 0x00000000c4300000, 0x00000000eab00000)
  object space 68608K, 13% used [0x00000000c0000000,0x00000000c0933f98,0x00000000c4300000)
 Metaspace       used 35264K, committed 35840K, reserved 1089536K
  class space    used 3589K, committed 3840K, reserved 1048576K
}
Event: 9.424 GC heap after
{Heap after GC invocations=11 (full 1):
 PSYoungGen      total 25088K, used 1920K [0x00000000eab00000, 0x00000000ec980000, 0x0000000100000000)
  eden space 23040K, 0% used [0x00000000eab00000,0x00000000eab00000,0x00000000ec180000)
  from space 2048K, 93% used [0x00000000ec780000,0x00000000ec960020,0x00000000ec980000)
  to   space 3584K, 0% used [0x00000000ec280000,0x00000000ec280000,0x00000000ec600000)
 ParOldGen       total 68608K, used 11866K [0x00000000c0000000, 0x00000000c4300000, 0x00000000eab00000)
  object space 68608K, 17% used [0x00000000c0000000,0x00000000c0b969a0,0x00000000c4300000)
 Metaspace       used 35264K, committed 35840K, reserved 1089536K
  class space    used 3589K, committed 3840K, reserved 1048576K
}
Event: 9.424 GC heap before
{Heap before GC invocations=12 (full 2):
 PSYoungGen      total 25088K, used 1920K [0x00000000eab00000, 0x00000000ec980000, 0x0000000100000000)
  eden space 23040K, 0% used [0x00000000eab00000,0x00000000eab00000,0x00000000ec180000)
  from space 2048K, 93% used [0x00000000ec780000,0x00000000ec960020,0x00000000ec980000)
  to   space 3584K, 0% used [0x00000000ec280000,0x00000000ec280000,0x00000000ec600000)
 ParOldGen       total 68608K, used 11866K [0x00000000c0000000, 0x00000000c4300000, 0x00000000eab00000)
  object space 68608K, 17% used [0x00000000c0000000,0x00000000c0b969a0,0x00000000c4300000)
 Metaspace       used 35264K, committed 35840K, reserved 1089536K
  class space    used 3589K, committed 3840K, reserved 1048576K
}
Event: 9.448 GC heap after
{Heap after GC invocations=12 (full 2):
 PSYoungGen      total 25088K, used 0K [0x00000000eab00000, 0x00000000ec980000, 0x0000000100000000)
  eden space 23040K, 0% used [0x00000000eab00000,0x00000000eab00000,0x00000000ec180000)
  from space 2048K, 0% used [0x00000000ec780000,0x00000000ec780000,0x00000000ec980000)
  to   space 3584K, 0% used [0x00000000ec280000,0x00000000ec280000,0x00000000ec600000)
 ParOldGen       total 68608K, used 13303K [0x00000000c0000000, 0x00000000c4300000, 0x00000000eab00000)
  object space 68608K, 19% used [0x00000000c0000000,0x00000000c0cfdc30,0x00000000c4300000)
 Metaspace       used 35264K, committed 35840K, reserved 1089536K
  class space    used 3589K, committed 3840K, reserved 1048576K
}
Event: 9.530 GC heap before
{Heap before GC invocations=13 (full 2):
 PSYoungGen      total 25088K, used 23040K [0x00000000eab00000, 0x00000000ec980000, 0x0000000100000000)
  eden space 23040K, 100% used [0x00000000eab00000,0x00000000ec180000,0x00000000ec180000)
  from space 2048K, 0% used [0x00000000ec780000,0x00000000ec780000,0x00000000ec980000)
  to   space 3584K, 0% used [0x00000000ec280000,0x00000000ec280000,0x00000000ec600000)
 ParOldGen       total 68608K, used 13303K [0x00000000c0000000, 0x00000000c4300000, 0x00000000eab00000)
  object space 68608K, 19% used [0x00000000c0000000,0x00000000c0cfdc30,0x00000000c4300000)
 Metaspace       used 35280K, committed 35904K, reserved 1089536K
  class space    used 3589K, committed 3840K, reserved 1048576K
}
Event: 9.532 GC heap after
{Heap after GC invocations=13 (full 2):
 PSYoungGen      total 25088K, used 2336K [0x00000000eab00000, 0x00000000ec800000, 0x0000000100000000)
  eden space 22528K, 0% used [0x00000000eab00000,0x00000000eab00000,0x00000000ec100000)
  from space 2560K, 91% used [0x00000000ec280000,0x00000000ec4c8010,0x00000000ec500000)
  to   space 2560K, 0% used [0x00000000ec580000,0x00000000ec580000,0x00000000ec800000)
 ParOldGen       total 68608K, used 13303K [0x00000000c0000000, 0x00000000c4300000, 0x00000000eab00000)
  object space 68608K, 19% used [0x00000000c0000000,0x00000000c0cfdc30,0x00000000c4300000)
 Metaspace       used 35280K, committed 35904K, reserved 1089536K
  class space    used 3589K, committed 3840K, reserved 1048576K
}
Event: 9.606 GC heap before
{Heap before GC invocations=14 (full 2):
 PSYoungGen      total 25088K, used 24864K [0x00000000eab00000, 0x00000000ec800000, 0x0000000100000000)
  eden space 22528K, 100% used [0x00000000eab00000,0x00000000ec100000,0x00000000ec100000)
  from space 2560K, 91% used [0x00000000ec280000,0x00000000ec4c8010,0x00000000ec500000)
  to   space 2560K, 0% used [0x00000000ec580000,0x00000000ec580000,0x00000000ec800000)
 ParOldGen       total 68608K, used 13303K [0x00000000c0000000, 0x00000000c4300000, 0x00000000eab00000)
  object space 68608K, 19% used [0x00000000c0000000,0x00000000c0cfdc30,0x00000000c4300000)
 Metaspace       used 35401K, committed 35968K, reserved 1089536K
  class space    used 3603K, committed 3840K, reserved 1048576K
}
Event: 9.610 GC heap after
{Heap after GC invocations=14 (full 2):
 PSYoungGen      total 24064K, used 2528K [0x00000000eab00000, 0x00000000ecb80000, 0x0000000100000000)
  eden space 21504K, 0% used [0x00000000eab00000,0x00000000eab00000,0x00000000ec000000)
  from space 2560K, 98% used [0x00000000ec580000,0x00000000ec7f8010,0x00000000ec800000)
  to   space 5632K, 0% used [0x00000000ec000000,0x00000000ec000000,0x00000000ec580000)
 ParOldGen       total 68608K, used 15529K [0x00000000c0000000, 0x00000000c4300000, 0x00000000eab00000)
  object space 68608K, 22% used [0x00000000c0000000,0x00000000c0f2a758,0x00000000c4300000)
 Metaspace       used 35401K, committed 35968K, reserved 1089536K
  class space    used 3603K, committed 3840K, reserved 1048576K
}
Event: 9.652 GC heap before
{Heap before GC invocations=15 (full 2):
 PSYoungGen      total 24064K, used 24032K [0x00000000eab00000, 0x00000000ecb80000, 0x0000000100000000)
  eden space 21504K, 100% used [0x00000000eab00000,0x00000000ec000000,0x00000000ec000000)
  from space 2560K, 98% used [0x00000000ec580000,0x00000000ec7f8010,0x00000000ec800000)
  to   space 5632K, 0% used [0x00000000ec000000,0x00000000ec000000,0x00000000ec580000)
 ParOldGen       total 68608K, used 15529K [0x00000000c0000000, 0x00000000c4300000, 0x00000000eab00000)
  object space 68608K, 22% used [0x00000000c0000000,0x00000000c0f2a758,0x00000000c4300000)
 Metaspace       used 35401K, committed 35968K, reserved 1089536K
  class space    used 3603K, committed 3840K, reserved 1048576K
}
Event: 9.656 GC heap after
{Heap after GC invocations=15 (full 2):
 PSYoungGen      total 24064K, used 2496K [0x00000000eab00000, 0x00000000ec700000, 0x0000000100000000)
  eden space 21504K, 0% used [0x00000000eab00000,0x00000000eab00000,0x00000000ec000000)
  from space 2560K, 97% used [0x00000000ec000000,0x00000000ec270010,0x00000000ec280000)
  to   space 3584K, 0% used [0x00000000ec380000,0x00000000ec380000,0x00000000ec700000)
 ParOldGen       total 68608K, used 18050K [0x00000000c0000000, 0x00000000c4300000, 0x00000000eab00000)
  object space 68608K, 26% used [0x00000000c0000000,0x00000000c11a0900,0x00000000c4300000)
 Metaspace       used 35401K, committed 35968K, reserved 1089536K
  class space    used 3603K, committed 3840K, reserved 1048576K
}
Event: 9.718 GC heap before
{Heap before GC invocations=16 (full 2):
 PSYoungGen      total 24064K, used 24000K [0x00000000eab00000, 0x00000000ec700000, 0x0000000100000000)
  eden space 21504K, 100% used [0x00000000eab00000,0x00000000ec000000,0x00000000ec000000)
  from space 2560K, 97% used [0x00000000ec000000,0x00000000ec270010,0x00000000ec280000)
  to   space 3584K, 0% used [0x00000000ec380000,0x00000000ec380000,0x00000000ec700000)
 ParOldGen       total 68608K, used 18050K [0x00000000c0000000, 0x00000000c4300000, 0x00000000eab00000)
  object space 68608K, 26% used [0x00000000c0000000,0x00000000c11a0900,0x00000000c4300000)
 Metaspace       used 35402K, committed 35968K, reserved 1089536K
  class space    used 3603K, committed 3840K, reserved 1048576K
}
Event: 9.722 GC heap after
{Heap after GC invocations=16 (full 2):
 PSYoungGen      total 23552K, used 2048K [0x00000000eab00000, 0x00000000ec580000, 0x0000000100000000)
  eden space 21504K, 0% used [0x00000000eab00000,0x00000000eab00000,0x00000000ec000000)
  from space 2048K, 100% used [0x00000000ec380000,0x00000000ec580000,0x00000000ec580000)
  to   space 2560K, 0% used [0x00000000ec080000,0x00000000ec080000,0x00000000ec300000)
 ParOldGen       total 68608K, used 20418K [0x00000000c0000000, 0x00000000c4300000, 0x00000000eab00000)
  object space 68608K, 29% used [0x00000000c0000000,0x00000000c13f0910,0x00000000c4300000)
 Metaspace       used 35402K, committed 35968K, reserved 1089536K
  class space    used 3603K, committed 3840K, reserved 1048576K
}
Event: 9.921 GC heap before
{Heap before GC invocations=17 (full 2):
 PSYoungGen      total 23552K, used 23552K [0x00000000eab00000, 0x00000000ec580000, 0x0000000100000000)
  eden space 21504K, 100% used [0x00000000eab00000,0x00000000ec000000,0x00000000ec000000)
  from space 2048K, 100% used [0x00000000ec380000,0x00000000ec580000,0x00000000ec580000)
  to   space 2560K, 0% used [0x00000000ec080000,0x00000000ec080000,0x00000000ec300000)
 ParOldGen       total 68608K, used 20418K [0x00000000c0000000, 0x00000000c4300000, 0x00000000eab00000)
  object space 68608K, 29% used [0x00000000c0000000,0x00000000c13f0910,0x00000000c4300000)
 Metaspace       used 35955K, committed 36608K, reserved 1089536K
  class space    used 3672K, committed 3968K, reserved 1048576K
}
Event: 9.926 GC heap after
{Heap after GC invocations=17 (full 2):
 PSYoungGen      total 24064K, used 2560K [0x00000000eab00000, 0x00000000eca00000, 0x0000000100000000)
  eden space 21504K, 0% used [0x00000000eab00000,0x00000000eab00000,0x00000000ec000000)
  from space 2560K, 100% used [0x00000000ec080000,0x00000000ec300000,0x00000000ec300000)
  to   space 5120K, 0% used [0x00000000ec500000,0x00000000ec500000,0x00000000eca00000)
 ParOldGen       total 68608K, used 22376K [0x00000000c0000000, 0x00000000c4300000, 0x00000000eab00000)
  object space 68608K, 32% used [0x00000000c0000000,0x00000000c15da1a0,0x00000000c4300000)
 Metaspace       used 35955K, committed 36608K, reserved 1089536K
  class space    used 3672K, committed 3968K, reserved 1048576K
}

Deoptimization events (20 events):
Event: 21.865 Thread 0x000001ba4eb1e6c0 DEOPT PACKING pc=0x000001ba40e12d78 sp=0x0000002035fff290
Event: 21.865 Thread 0x000001ba4eb1e6c0 DEOPT UNPACKING pc=0x000001ba393120a3 sp=0x0000002035fff250 mode 2
Event: 21.866 Thread 0x000001ba4eb1e6c0 Uncommon trap: trap_request=0xffffff45 fr.pc=0x000001ba40f3757c relative=0x000000000000025c
Event: 21.866 Thread 0x000001ba4eb1e6c0 Uncommon trap: reason=unstable_if action=reinterpret pc=0x000001ba40f3757c method=java.lang.String.getChars(II[CI)V @ 23 c2
Event: 21.866 Thread 0x000001ba4eb1e6c0 DEOPT PACKING pc=0x000001ba40f3757c sp=0x0000002035ffed70
Event: 21.866 Thread 0x000001ba4eb1e6c0 DEOPT UNPACKING pc=0x000001ba393120a3 sp=0x0000002035ffed30 mode 2
Event: 21.902 Thread 0x000001ba4eb1e6c0 DEOPT PACKING pc=0x000001ba39b69308 sp=0x0000002035ffdc60
Event: 21.902 Thread 0x000001ba4eb1e6c0 DEOPT UNPACKING pc=0x000001ba39312843 sp=0x0000002035ffd168 mode 0
Event: 21.915 Thread 0x000001ba4eb1e6c0 Uncommon trap: trap_request=0xffffffc6 fr.pc=0x000001ba40ed6bbc relative=0x000000000000009c
Event: 21.915 Thread 0x000001ba4eb1e6c0 Uncommon trap: reason=bimorphic_or_optimized_type_check action=maybe_recompile pc=0x000001ba40ed6bbc method=java.util.stream.Sink$ChainedReference.cancellationRequested()Z @ 4 c2
Event: 21.916 Thread 0x000001ba4eb1e6c0 DEOPT PACKING pc=0x000001ba40ed6bbc sp=0x0000002035ffe060
Event: 21.916 Thread 0x000001ba4eb1e6c0 DEOPT UNPACKING pc=0x000001ba393120a3 sp=0x0000002035ffdff0 mode 2
Event: 21.916 Thread 0x000001ba4eb1e6c0 Uncommon trap: trap_request=0xffffffc6 fr.pc=0x000001ba40ed6bbc relative=0x000000000000009c
Event: 21.916 Thread 0x000001ba4eb1e6c0 Uncommon trap: reason=bimorphic_or_optimized_type_check action=maybe_recompile pc=0x000001ba40ed6bbc method=java.util.stream.Sink$ChainedReference.cancellationRequested()Z @ 4 c2
Event: 21.916 Thread 0x000001ba4eb1e6c0 DEOPT PACKING pc=0x000001ba40ed6bbc sp=0x0000002035ffe060
Event: 21.916 Thread 0x000001ba4eb1e6c0 DEOPT UNPACKING pc=0x000001ba393120a3 sp=0x0000002035ffdff0 mode 2
Event: 21.917 Thread 0x000001ba4eb1e6c0 Uncommon trap: trap_request=0xffffff45 fr.pc=0x000001ba40dbeab8 relative=0x0000000000000478
Event: 21.917 Thread 0x000001ba4eb1e6c0 Uncommon trap: reason=unstable_if action=reinterpret pc=0x000001ba40dbeab8 method=java.util.HashMap$HashIterator.<init>(Ljava/util/HashMap;)V @ 45 c2
Event: 21.917 Thread 0x000001ba4eb1e6c0 DEOPT PACKING pc=0x000001ba40dbeab8 sp=0x0000002035ffdd80
Event: 21.917 Thread 0x000001ba4eb1e6c0 DEOPT UNPACKING pc=0x000001ba393120a3 sp=0x0000002035ffdbf0 mode 2

Classes unloaded (7 events):
Event: 6.806 Thread 0x000001ba4c1618e0 Unloading class 0x0000000100210800 'java/lang/invoke/LambdaForm$MH+0x0000000100210800'
Event: 6.806 Thread 0x000001ba4c1618e0 Unloading class 0x0000000100210400 'java/lang/invoke/LambdaForm$MH+0x0000000100210400'
Event: 6.806 Thread 0x000001ba4c1618e0 Unloading class 0x0000000100210000 'java/lang/invoke/LambdaForm$MH+0x0000000100210000'
Event: 6.806 Thread 0x000001ba4c1618e0 Unloading class 0x000000010020fc00 'java/lang/invoke/LambdaForm$MH+0x000000010020fc00'
Event: 6.806 Thread 0x000001ba4c1618e0 Unloading class 0x000000010020f400 'java/lang/invoke/LambdaForm$BMH+0x000000010020f400'
Event: 6.806 Thread 0x000001ba4c1618e0 Unloading class 0x000000010020f000 'java/lang/invoke/LambdaForm$DMH+0x000000010020f000'
Event: 6.806 Thread 0x000001ba4c1618e0 Unloading class 0x000000010020c400 'java/lang/invoke/LambdaForm$DMH+0x000000010020c400'

Classes redefined (0 events):
No events

Internal exceptions (20 events):
Event: 9.346 Thread 0x000001ba4eb1b6a0 Exception <a 'java/io/FileNotFoundException'{0x00000000eb36dc50}> (0x00000000eb36dc50) 
thrown [s\src\hotspot\share\prims\jni.cpp, line 516]
Event: 9.348 Thread 0x000001ba4eb1b6a0 Exception <a 'java/lang/NoSuchMethodError'{0x00000000eb37a5c0}: 'void java.lang.invoke.DirectMethodHandle$Holder.invokeStaticInit(java.lang.Object, java.lang.Object, java.lang.Object)'> (0x00000000eb37a5c0) 
thrown [s\src\hotspot\share\interpreter\linkResolver.cpp, line 759]
Event: 9.820 Thread 0x000001ba4eb1b6a0 Exception <a 'java/lang/ClassNotFoundException'{0x00000000ebca7178}: com/sun/org/apache/xerces/internal/impl/msg/spi/DOMMessagesProvider> (0x00000000ebca7178) 
thrown [s\src\hotspot\share\classfile\systemDictionary.cpp, line 256]
Event: 9.823 Thread 0x000001ba4eb1b6a0 Exception <a 'java/lang/ClassNotFoundException'{0x00000000ebcca2f0}: com/sun/org/apache/xerces/internal/impl/msg/spi/XMLSerializerMessagesProvider> (0x00000000ebcca2f0) 
thrown [s\src\hotspot\share\classfile\systemDictionary.cpp, line 256]
Event: 9.825 Thread 0x000001ba4eb1b6a0 Exception <a 'java/lang/ClassNotFoundException'{0x00000000ebce4078}: com/sun/org/apache/xerces/internal/impl/msg/spi/XMLMessagesProvider> (0x00000000ebce4078) 
thrown [s\src\hotspot\share\classfile\systemDictionary.cpp, line 256]
Event: 9.845 Thread 0x000001ba4eb1b6a0 Exception <a 'java/io/FileNotFoundException'{0x00000000ebdaff58}> (0x00000000ebdaff58) 
thrown [s\src\hotspot\share\prims\jni.cpp, line 516]
Event: 9.848 Thread 0x000001ba4eb1b6a0 Exception <a 'java/io/FileNotFoundException'{0x00000000ebdb7930}> (0x00000000ebdb7930) 
thrown [s\src\hotspot\share\prims\jni.cpp, line 516]
Event: 9.852 Thread 0x000001ba4eb1b6a0 Exception <a 'java/io/FileNotFoundException'{0x00000000ebdc11d8}> (0x00000000ebdc11d8) 
thrown [s\src\hotspot\share\prims\jni.cpp, line 516]
Event: 9.879 Thread 0x000001ba4eb1b6a0 Exception <a 'java/io/FileNotFoundException'{0x00000000ebdfdee8}> (0x00000000ebdfdee8) 
thrown [s\src\hotspot\share\prims\jni.cpp, line 516]
Event: 9.880 Thread 0x000001ba4eb1b6a0 Exception <a 'java/io/FileNotFoundException'{0x00000000ebdff6b0}> (0x00000000ebdff6b0) 
thrown [s\src\hotspot\share\prims\jni.cpp, line 516]
Event: 9.927 Thread 0x000001ba4eb1f060 Exception <a 'java/lang/NoSuchMethodError'{0x00000000eab68758}: 'java.lang.Object java.lang.invoke.DirectMethodHandle$Holder.newInvokeSpecial(java.lang.Object, java.lang.Object, java.lang.Object, java.lang.Object, java.lang.Object, java.lang.Object, java.lang.Object, java.lang.Object)'> (0x00000000eab68758) 
thrown [s\src\hotspot\share\interpreter\linkResolver.cpp, line 759]
Event: 9.928 Thread 0x000001ba4eb1f060 Exception <a 'java/lang/NoSuchMethodError'{0x00000000eab78600}: 'java.lang.Object java.lang.invoke.DirectMethodHandle$Holder.invokeSpecial(java.lang.Object, java.lang.Object, java.lang.Object, java.lang.Object, java.lang.Object, java.lang.Object, java.lang.Object, java.lang.Object, java.lang.Object)'> (0x00000000eab78600) 
thrown [s\src\hotspot\share\interpreter\linkResolver.cpp, line 759]
Event: 9.929 Thread 0x000001ba4eb1f060 Exception <a 'java/lang/NoSuchMethodError'{0x00000000eab81b30}: 'java.lang.Object java.lang.invoke.Invokers$Holder.linkToTargetMethod(java.lang.Object, java.lang.Object, java.lang.Object, java.lang.Object, java.lang.Object, java.lang.Object, java.lang.Object, java.lang.Object)'> (0x00000000eab81b30) 
thrown [s\src\hotspot\share\interpreter\linkResolver.cpp, line 759]
Event: 21.881 Thread 0x000001ba4eb1e6c0 Exception <a 'java/lang/NoSuchMethodError'{0x00000000eacee088}: 'java.lang.Object java.lang.invoke.DirectMethodHandle$Holder.invokeInterface(java.lang.Object, java.lang.Object, java.lang.Object)'> (0x00000000eacee088) 
thrown [s\src\hotspot\share\interpreter\linkResolver.cpp, line 759]
Event: 21.920 Thread 0x000001ba4eb1e6c0 Exception <a 'sun/nio/fs/WindowsException'{0x00000000ead55cf8}> (0x00000000ead55cf8) 
thrown [s\src\hotspot\share\prims\jni.cpp, line 516]
Event: 21.920 Thread 0x000001ba4eb1e6c0 Exception <a 'sun/nio/fs/WindowsException'{0x00000000ead56df8}> (0x00000000ead56df8) 
thrown [s\src\hotspot\share\prims\jni.cpp, line 516]
Event: 21.924 Thread 0x000001ba4eb1e6c0 Exception <a 'sun/nio/fs/WindowsException'{0x00000000ead5cf30}> (0x00000000ead5cf30) 
thrown [s\src\hotspot\share\prims\jni.cpp, line 516]
Event: 21.926 Thread 0x000001ba4eb1e6c0 Exception <a 'sun/nio/fs/WindowsException'{0x00000000ead606c0}> (0x00000000ead606c0) 
thrown [s\src\hotspot\share\prims\jni.cpp, line 516]
Event: 21.926 Thread 0x000001ba4eb1e6c0 Exception <a 'sun/nio/fs/WindowsException'{0x00000000ead619c8}> (0x00000000ead619c8) 
thrown [s\src\hotspot\share\prims\jni.cpp, line 516]
Event: 21.930 Thread 0x000001ba4eb1e6c0 Exception <a 'sun/nio/fs/WindowsException'{0x00000000ead6b250}> (0x00000000ead6b250) 
thrown [s\src\hotspot\share\prims\jni.cpp, line 516]

VM Operations (20 events):
Event: 9.161 Executing VM operation: HandshakeAllThreads
Event: 9.161 Executing VM operation: HandshakeAllThreads done
Event: 9.274 Executing VM operation: ParallelGCFailedAllocation
Event: 9.277 Executing VM operation: ParallelGCFailedAllocation done
Event: 9.415 Executing VM operation: ParallelGCFailedAllocation
Event: 9.418 Executing VM operation: ParallelGCFailedAllocation done
Event: 9.421 Executing VM operation: CollectForMetadataAllocation
Event: 9.448 Executing VM operation: CollectForMetadataAllocation done
Event: 9.530 Executing VM operation: ParallelGCFailedAllocation
Event: 9.532 Executing VM operation: ParallelGCFailedAllocation done
Event: 9.606 Executing VM operation: ParallelGCFailedAllocation
Event: 9.610 Executing VM operation: ParallelGCFailedAllocation done
Event: 9.652 Executing VM operation: ParallelGCFailedAllocation
Event: 9.656 Executing VM operation: ParallelGCFailedAllocation done
Event: 9.718 Executing VM operation: ParallelGCFailedAllocation
Event: 9.722 Executing VM operation: ParallelGCFailedAllocation done
Event: 9.921 Executing VM operation: ParallelGCFailedAllocation
Event: 9.926 Executing VM operation: ParallelGCFailedAllocation done
Event: 10.932 Executing VM operation: Cleanup
Event: 10.932 Executing VM operation: Cleanup done

Events (20 events):
Event: 9.912 loading class java/util/stream/Nodes$CollectorTask$OfRef
Event: 9.912 loading class java/util/stream/Nodes$CollectorTask
Event: 9.912 loading class java/util/stream/AbstractTask
Event: 9.912 loading class java/util/concurrent/CountedCompleter
Event: 9.912 loading class java/util/concurrent/CountedCompleter done
Event: 9.912 loading class java/util/stream/AbstractTask done
Event: 9.912 loading class java/util/stream/Nodes$CollectorTask done
Event: 9.912 loading class java/util/stream/Nodes$CollectorTask$OfRef done
Event: 9.913 loading class java/util/function/LongFunction
Event: 9.913 loading class java/util/function/LongFunction done
Event: 9.913 loading class java/util/stream/Nodes$ConcNode
Event: 9.913 loading class java/util/stream/Nodes$AbstractConcNode
Event: 9.914 loading class java/util/stream/Nodes$AbstractConcNode done
Event: 9.914 loading class java/util/stream/Nodes$ConcNode done
Event: 9.915 Thread 0x000001ba4eb1d380 Thread exited: 0x000001ba4eb1d380
Event: 11.740 Thread 0x000001ba4e944c10 Thread exited: 0x000001ba4e944c10
Event: 15.133 Thread 0x000001ba4f6030a0 Thread exited: 0x000001ba4f6030a0
Event: 20.076 Thread 0x000001ba501a1010 Thread exited: 0x000001ba501a1010
Event: 21.868 loading class jdk/internal/reflect/UnsafeIntegerFieldAccessorImpl
Event: 21.868 loading class jdk/internal/reflect/UnsafeIntegerFieldAccessorImpl done


Dynamic libraries:
0x00007ff6a2070000 - 0x00007ff6a207e000 	c:\Users\icewi\.vscode\extensions\redhat.java-1.12.0-win32-x64\jre\17.0.4.1-win32-x86_64\bin\java.exe
0x00007ff809810000 - 0x00007ff809a08000 	C:\WINDOWS\SYSTEM32\ntdll.dll
0x00007ff8083e0000 - 0x00007ff80849f000 	C:\WINDOWS\System32\KERNEL32.DLL
0x00007ff8070e0000 - 0x00007ff8073b2000 	C:\WINDOWS\System32\KERNELBASE.dll
0x00007ff807650000 - 0x00007ff807750000 	C:\WINDOWS\System32\ucrtbase.dll
0x00007fffe4040000 - 0x00007fffe4058000 	c:\Users\icewi\.vscode\extensions\redhat.java-1.12.0-win32-x64\jre\17.0.4.1-win32-x86_64\bin\jli.dll
0x00007fffe36b0000 - 0x00007fffe36c9000 	c:\Users\icewi\.vscode\extensions\redhat.java-1.12.0-win32-x64\jre\17.0.4.1-win32-x86_64\bin\VCRUNTIME140.dll
0x00007ff808e50000 - 0x00007ff808fed000 	C:\WINDOWS\System32\USER32.dll
0x00007ff8070b0000 - 0x00007ff8070d2000 	C:\WINDOWS\System32\win32u.dll
0x00007ff8097a0000 - 0x00007ff8097cb000 	C:\WINDOWS\System32\GDI32.dll
0x00007ff807750000 - 0x00007ff80785f000 	C:\WINDOWS\System32\gdi32full.dll
0x00007ffff6f80000 - 0x00007ffff721a000 	C:\WINDOWS\WinSxS\amd64_microsoft.windows.common-controls_6595b64144ccf1df_6.0.19041.1110_none_60b5254171f9507e\COMCTL32.dll
0x00007ff8075b0000 - 0x00007ff80764d000 	C:\WINDOWS\System32\msvcp_win.dll
0x00007ff8094b0000 - 0x00007ff80954e000 	C:\WINDOWS\System32\msvcrt.dll
0x00007ff8084a0000 - 0x00007ff8084d2000 	C:\WINDOWS\System32\IMM32.DLL
0x00007fffebef0000 - 0x00007fffebefc000 	c:\Users\icewi\.vscode\extensions\redhat.java-1.12.0-win32-x64\jre\17.0.4.1-win32-x86_64\bin\vcruntime140_1.dll
0x00007fffd0d90000 - 0x00007fffd0e21000 	c:\Users\icewi\.vscode\extensions\redhat.java-1.12.0-win32-x64\jre\17.0.4.1-win32-x86_64\bin\msvcp140.dll
0x00007fffc0db0000 - 0x00007fffc19f6000 	c:\Users\icewi\.vscode\extensions\redhat.java-1.12.0-win32-x64\jre\17.0.4.1-win32-x86_64\bin\server\jvm.dll
0x00007ff8084e0000 - 0x00007ff80858e000 	C:\WINDOWS\System32\ADVAPI32.dll
0x00007ff807880000 - 0x00007ff80791c000 	C:\WINDOWS\System32\sechost.dll
0x00007ff809670000 - 0x00007ff809795000 	C:\WINDOWS\System32\RPCRT4.dll
0x00007ff808ff0000 - 0x00007ff808ff8000 	C:\WINDOWS\System32\PSAPI.DLL
0x00007ffff36b0000 - 0x00007ffff36b9000 	C:\WINDOWS\SYSTEM32\WSOCK32.dll
0x00007ffffe800000 - 0x00007ffffe827000 	C:\WINDOWS\SYSTEM32\WINMM.dll
0x00007ff8093e0000 - 0x00007ff80944b000 	C:\WINDOWS\System32\WS2_32.dll
0x00007ffffe7f0000 - 0x00007ffffe7fa000 	C:\WINDOWS\SYSTEM32\VERSION.dll
0x00007ff805700000 - 0x00007ff805712000 	C:\WINDOWS\SYSTEM32\kernel.appcore.dll
0x00007fffe90b0000 - 0x00007fffe90ba000 	c:\Users\icewi\.vscode\extensions\redhat.java-1.12.0-win32-x64\jre\17.0.4.1-win32-x86_64\bin\jimage.dll
0x00007ff804b20000 - 0x00007ff804d04000 	C:\WINDOWS\SYSTEM32\DBGHELP.DLL
0x00007ffff47d0000 - 0x00007ffff47fc000 	C:\WINDOWS\SYSTEM32\dbgcore.DLL
0x00007ff8073c0000 - 0x00007ff807442000 	C:\WINDOWS\System32\bcryptPrimitives.dll
0x00007fffe8be0000 - 0x00007fffe8bee000 	c:\Users\icewi\.vscode\extensions\redhat.java-1.12.0-win32-x64\jre\17.0.4.1-win32-x86_64\bin\instrument.dll
0x00007fffde9c0000 - 0x00007fffde9e5000 	c:\Users\icewi\.vscode\extensions\redhat.java-1.12.0-win32-x64\jre\17.0.4.1-win32-x86_64\bin\java.dll
0x00007fffe3640000 - 0x00007fffe3658000 	c:\Users\icewi\.vscode\extensions\redhat.java-1.12.0-win32-x64\jre\17.0.4.1-win32-x86_64\bin\zip.dll
0x00007ff807c90000 - 0x00007ff8083d3000 	C:\WINDOWS\System32\SHELL32.dll
0x00007ff804f50000 - 0x00007ff8056e2000 	C:\WINDOWS\SYSTEM32\windows.storage.dll
0x00007ff808590000 - 0x00007ff8088e4000 	C:\WINDOWS\System32\combase.dll
0x00007ff8067b0000 - 0x00007ff8067e0000 	C:\WINDOWS\SYSTEM32\Wldp.dll
0x00007ff809000000 - 0x00007ff8090ad000 	C:\WINDOWS\System32\SHCORE.dll
0x00007ff808d60000 - 0x00007ff808db5000 	C:\WINDOWS\System32\shlwapi.dll
0x00007ff806e50000 - 0x00007ff806e6f000 	C:\WINDOWS\SYSTEM32\profapi.dll
0x00007fffe1eb0000 - 0x00007fffe1ec9000 	C:\Users\icewi\.vscode\extensions\redhat.java-1.12.0-win32-x64\jre\17.0.4.1-win32-x86_64\bin\net.dll
0x00007ff800cd0000 - 0x00007ff800ddc000 	C:\WINDOWS\SYSTEM32\WINHTTP.dll
0x00007ff806590000 - 0x00007ff8065fa000 	C:\WINDOWS\system32\mswsock.dll
0x00007fffe1980000 - 0x00007fffe1995000 	C:\Users\icewi\.vscode\extensions\redhat.java-1.12.0-win32-x64\jre\17.0.4.1-win32-x86_64\bin\nio.dll
0x00007fffe68c0000 - 0x00007fffe68d0000 	c:\Users\icewi\.vscode\extensions\redhat.java-1.12.0-win32-x64\jre\17.0.4.1-win32-x86_64\bin\verify.dll
0x00007fffd92e0000 - 0x00007fffd931e000 	C:\Users\icewi\AppData\Roaming\Code\User\globalStorage\redhat.java\1.12.0\config_ss_win\org.eclipse.equinox.launcher\org.eclipse.equinox.launcher.win32.win32.x86_64_1.2.600.v20220720-1916\eclipse_11700.dll
0x00007ff807920000 - 0x00007ff807a4a000 	C:\WINDOWS\System32\ole32.dll
0x00007fffe65f0000 - 0x00007fffe65f9000 	C:\Users\icewi\.vscode\extensions\redhat.java-1.12.0-win32-x64\jre\17.0.4.1-win32-x86_64\bin\management.dll
0x00007fffe63c0000 - 0x00007fffe63cb000 	C:\Users\icewi\.vscode\extensions\redhat.java-1.12.0-win32-x64\jre\17.0.4.1-win32-x86_64\bin\management_ext.dll
0x00007ff8067f0000 - 0x00007ff806808000 	C:\WINDOWS\SYSTEM32\CRYPTSP.dll
0x00007ff805ed0000 - 0x00007ff805f04000 	C:\WINDOWS\system32\rsaenh.dll
0x00007ff806f10000 - 0x00007ff806f37000 	C:\WINDOWS\System32\bcrypt.dll
0x00007ff806dd0000 - 0x00007ff806dfe000 	C:\WINDOWS\SYSTEM32\USERENV.dll
0x00007ff806720000 - 0x00007ff80672c000 	C:\WINDOWS\SYSTEM32\CRYPTBASE.dll
0x00007ff8062a0000 - 0x00007ff8062db000 	C:\WINDOWS\SYSTEM32\IPHLPAPI.DLL
0x00007ff808dc0000 - 0x00007ff808dc8000 	C:\WINDOWS\System32\NSI.dll
0x00007ffffe850000 - 0x00007ffffe867000 	C:\WINDOWS\SYSTEM32\dhcpcsvc6.DLL
0x00007ffffe650000 - 0x00007ffffe66d000 	C:\WINDOWS\SYSTEM32\dhcpcsvc.DLL
0x00007ff8062e0000 - 0x00007ff8063aa000 	C:\WINDOWS\SYSTEM32\DNSAPI.dll
0x00007fffd84e0000 - 0x00007fffd8520000 	C:\Users\icewi\AppData\Local\Temp\jna-100019869\jna12636272547667366512.dll

dbghelp: loaded successfully - version: 4.0.5 - missing functions: none
symbol engine: initialized successfully - sym options: 0x614 - pdb path: .;c:\Users\icewi\.vscode\extensions\redhat.java-1.12.0-win32-x64\jre\17.0.4.1-win32-x86_64\bin;C:\WINDOWS\SYSTEM32;C:\WINDOWS\WinSxS\amd64_microsoft.windows.common-controls_6595b64144ccf1df_6.0.19041.1110_none_60b5254171f9507e;c:\Users\icewi\.vscode\extensions\redhat.java-1.12.0-win32-x64\jre\17.0.4.1-win32-x86_64\bin\server;C:\Users\icewi\AppData\Roaming\Code\User\globalStorage\redhat.java\1.12.0\config_ss_win\org.eclipse.equinox.launcher\org.eclipse.equinox.launcher.win32.win32.x86_64_1.2.600.v20220720-1916;C:\Users\icewi\AppData\Local\Temp\jna-100019869

VM Arguments:
jvm_args: --add-modules=ALL-SYSTEM --add-opens=java.base/java.util=ALL-UNNAMED --add-opens=java.base/java.lang=ALL-UNNAMED --add-opens=java.base/sun.nio.fs=ALL-UNNAMED -Declipse.application=org.eclipse.jdt.ls.core.id1 -Dosgi.bundles.defaultStartLevel=4 -Declipse.product=org.eclipse.jdt.ls.core.product -Djava.import.generatesMetadataFilesAtProjectRoot=false -Dfile.encoding=utf8 -XX:+UseParallelGC -XX:GCTimeRatio=4 -XX:AdaptiveSizePolicyWeight=90 -Dsun.zip.disableMemoryMapping=true -Xmx1G -Xms100m -Xlog:disable -javaagent:c:\Users\icewi\.vscode\extensions\redhat.java-1.12.0-win32-x64\lombok\lombok-1.18.24.jar 
java_command: c:\Users\icewi\.vscode\extensions\redhat.java-1.12.0-win32-x64\server\plugins\org.eclipse.equinox.launcher_1.6.400.v20210924-0641.jar -configuration c:\Users\icewi\AppData\Roaming\Code\User\globalStorage\redhat.java\1.12.0\config_ss_win -data c:\Users\icewi\AppData\Roaming\Code\User\workspaceStorage\5eb8f4c9483b7e7e003223161a20412b\redhat.java\ss_ws
java_class_path (initial): c:\Users\icewi\.vscode\extensions\redhat.java-1.12.0-win32-x64\server\plugins\org.eclipse.equinox.launcher_1.6.400.v20210924-0641.jar
Launcher Type: SUN_STANDARD

[Global flags]
    uintx AdaptiveSizePolicyWeight                 = 90                                        {product} {command line}
     intx CICompilerCount                          = 4                                         {product} {ergonomic}
    uintx GCTimeRatio                              = 4                                         {product} {command line}
   size_t InitialHeapSize                          = 104857600                                 {product} {command line}
   size_t MaxHeapSize                              = 1073741824                                {product} {command line}
   size_t MaxNewSize                               = 357564416                                 {product} {ergonomic}
   size_t MinHeapDeltaBytes                        = 524288                                    {product} {ergonomic}
   size_t MinHeapSize                              = 104857600                                 {product} {command line}
   size_t NewSize                                  = 34603008                                  {product} {ergonomic}
    uintx NonNMethodCodeHeapSize                   = 5839372                                {pd product} {ergonomic}
    uintx NonProfiledCodeHeapSize                  = 122909434                              {pd product} {ergonomic}
   size_t OldSize                                  = 70254592                                  {product} {ergonomic}
    uintx ProfiledCodeHeapSize                     = 122909434                              {pd product} {ergonomic}
    uintx ReservedCodeCacheSize                    = 251658240                              {pd product} {ergonomic}
     bool SegmentedCodeCache                       = true                                      {product} {ergonomic}
   size_t SoftMaxHeapSize                          = 1073741824                             {manageable} {ergonomic}
     bool UseCompressedClassPointers               = true                           {product lp64_product} {ergonomic}
     bool UseCompressedOops                        = true                           {product lp64_product} {ergonomic}
     bool UseLargePagesIndividualAllocation        = false                                  {pd product} {ergonomic}
     bool UseParallelGC                            = true                                      {product} {command line}

Logging:
Log output configuration:
 #0: stdout all=off uptime,level,tags
 #1: stderr all=off uptime,level,tags

Environment Variables:
JAVA_HOME=D:\android-studio\jre
PATH=d:\Program Files (x86)\STMicroelectronics\st_toolset\asm;d:\develop\anacond3;d:\develop\anacond3\Library\mingw-w64\bin;d:\develop\anacond3\Library\usr\bin;d:\develop\anacond3\Library\bin;d:\develop\anacond3\Scripts;C:\WINDOWS\system32;C:\WINDOWS;C:\WINDOWS\System32\Wbem;C:\WINDOWS\System32\WindowsPowerShell\v1.0\;C:\WINDOWS\System32\OpenSSH\;C:\Program Files\dotnet\;d:\Program Files\Git\cmd;C:\Program Files\Microsoft SQL Server\130\Tools\Binn\;C:\Program Files\Microsoft SQL Server\Client SDK\ODBC\170\Tools\Binn\;C:\ProgramData\chocolatey\bin;D:\green\cmake3.19\bin;D:\green\edgedriver;D:\Program Files\nodejs\;D:\Program Files (x86)\gsudo\;D:\Android\android-sdk\cmdline-tools\latest\bin;D:\Android\android-sdk\platform-tools;D:\android-studio\jre\bin;D:\Android\android-sdk\emulator;;C:\Program Files\usbipd-win\;C:\Users\icewi\AppData\Local\Microsoft\WindowsApps;D:\green\vscode\bin;C:\Users\icewi\.dotnet\tools;D:\green\Fiddler;C:\Users\icewi\.dotnet\tools;D:\green\flutter\flutter\bin;C:\Users\icewi\AppData\Roaming\npm;D:\green\flutter\flutter\.pub-cache\bin;
USERNAME=icewi
OS=Windows_NT
PROCESSOR_IDENTIFIER=AMD64 Family 23 Model 96 Stepping 1, AuthenticAMD
TMP=C:\Users\icewi\AppData\Local\Temp
TEMP=C:\Users\icewi\AppData\Local\Temp



---------------  S Y S T E M  ---------------

OS:
 Windows 10 , 64 bit Build 19041 (10.0.19041.2251)
OS uptime: 16 days 14:49 hours
Hyper-V role detected

CPU: total 12 (initial active 12) (12 cores per cpu, 2 threads per core) family 23 model 96 stepping 1 microcode 0x0, cx8, cmov, fxsr, ht, mmx, 3dnowpref, sse, sse2, sse3, ssse3, sse4a, sse4.1, sse4.2, popcnt, lzcnt, tsc, tscinvbit, avx, avx2, aes, clmul, bmi1, bmi2, adx, sha, fma, vzeroupper, clflush, clflushopt, hv

Memory: 4k page, system-wide physical 15741M (630M free)
TotalPageFile size 28541M (AvailPageFile size 334M)
current process WorkingSet (physical memory assigned to process): 148M, peak: 178M
current process commit charge ("private bytes"): 246M, peak: 276M

vm_info: OpenJDK 64-Bit Server VM (17.0.4.1+1) for windows-amd64 JRE (17.0.4.1+1), built on Aug 17 2022 07:42:43 by "temurin" with MS VC++ 16.7 (VS2019)

END.
